#
# There is insufficient memory for the Java Runtime Environment to continue.
# Native memory allocation (mmap) failed to map 264241152 bytes. Error detail: G1 virtual space
# Possible reasons:
#   The system is out of physical RAM or swap space
#   This process is running with CompressedOops enabled, and the Java Heap may be blocking the growth of the native heap
# Possible solutions:
#   Reduce memory load on the system
#   Increase physical memory or swap space
#   Check if swap backing store is full
#   Decrease Java heap size (-Xmx/-Xms)
#   Decrease number of Java threads
#   Decrease Java thread stack sizes (-Xss)
#   Set larger code cache with -XX:ReservedCodeCacheSize=
#   JVM is running with Zero Based Compressed Oops mode in which the Java heap is
#     placed in the first 32GB address space. The Java Heap base address is the
#     maximum limit for the native heap growth. Please use -XX:HeapBaseMinAddress
#     to set the Java Heap base and to place the Java Heap above 32GB virtual address.
# This output file may be truncated or incomplete.
#
#  Out of Memory Error (os_windows.cpp:3631), pid=376852, tid=378976
#
# JRE version:  (22.0.1+8) (build )
# Java VM: Java HotSpot(TM) 64-Bit Server VM (22.0.1+8-16, mixed mode, sharing, tiered, compressed oops, compressed class ptrs, g1 gc, windows-amd64)
# No core dump will be written. Minidumps are not enabled by default on client versions of Windows
#

---------------  S U M M A R Y ------------

Command Line: -Dclassworlds.conf=D:\SOFT\apache-maven-3.9.8-bin\apache-maven-3.9.8\bin\m2.conf -Dmaven.home=D:\SOFT\apache-maven-3.9.8-bin\apache-maven-3.9.8 -Dlibrary.jansi.path=D:\SOFT\apache-maven-3.9.8-bin\apache-maven-3.9.8\lib\jansi-native -Dmaven.multiModuleProjectDirectory=d:\avbc\Documents\TelRun\map\task org.codehaus.plexus.classworlds.launcher.Launcher --version

Host: 11th Gen Intel(R) Core(TM) i5-1135G7 @ 2.40GHz, 8 cores, 15G,  Windows 10 , 64 bit Build 19041 (10.0.19041.4842)
Time: Sat Sep 21 11:51:55 2024 RTZ 2 (s 10 , 64 bit Build 19041 (10.0.19041.4842) elapsed time: 0.009035 seconds (0d 0h 0m 0s)

---------------  T H R E A D  ---------------

Current thread (0x000001a9739e6330):  JavaThread "Unknown thread" [_thread_in_vm, id=378976, stack(0x0000000100600000,0x0000000100700000) (1024K)]

Stack: [0x0000000100600000,0x0000000100700000]
Native frames: (J=compiled Java code, j=interpreted, Vv=VM code, C=native code)
V  [jvm.dll+0x6e2279]  (no source info available)
V  [jvm.dll+0x874e33]  (no source info available)
V  [jvm.dll+0x87725e]  (no source info available)
V  [jvm.dll+0x877933]  (no source info available)
V  [jvm.dll+0x27fd76]  (no source info available)
V  [jvm.dll+0x6de915]  (no source info available)
V  [jvm.dll+0x6d341a]  (no source info available)
V  [jvm.dll+0x3589da]  (no source info available)
V  [jvm.dll+0x360f06]  (no source info available)
V  [jvm.dll+0x3b3e2e]  (no source info available)
V  [jvm.dll+0x3b40d8]  (no source info available)
V  [jvm.dll+0x32c59c]  (no source info available)
V  [jvm.dll+0x32d158]  (no source info available)
V  [jvm.dll+0x83ccdc]  (no source info available)
V  [jvm.dll+0x3c0d71]  (no source info available)
V  [jvm.dll+0x825ccc]  (no source info available)
V  [jvm.dll+0x45b8fe]  (no source info available)
V  [jvm.dll+0x45d781]  (no source info available)
C  [jli.dll+0x52a3]  (no source info available)
C  [ucrtbase.dll+0x21bb2]  (no source info available)
C  [KERNEL32.DLL+0x17374]  (no source info available)
C  [ntdll.dll+0x4cc91]  (no source info available)


---------------  P R O C E S S  ---------------

Threads class SMR info:
_java_thread_list=0x00007ffd0cb1b1c8, length=0, elements={
}

Java Threads: ( => current thread )
Total: 0

Other Threads:
  0x000001a975bbb920 WorkerThread "GC Thread#0"                     [id=374196, stack(0x0000000100700000,0x0000000100800000) (1024K)]
  0x000001a975bcc460 ConcurrentGCThread "G1 Main Marker"            [id=354580, stack(0x0000000100800000,0x0000000100900000) (1024K)]
  0x000001a975bcd120 WorkerThread "G1 Conc#0"                       [id=301756, stack(0x0000000100900000,0x0000000100a00000) (1024K)]

[error occurred during error reporting (printing all threads), id 0xc0000005, EXCEPTION_ACCESS_VIOLATION (0xc0000005) at pc=0x00007ffd0c26f367]
VM state: not at safepoint (not fully initialized)

VM Mutex/Monitor currently owned by a thread:  ([mutex/lock_event])
[0x00007ffd0cb9bcb8] Heap_lock - owner thread: 0x000001a9739e6330

Heap address: 0x0000000704a00000, size: 4022 MB, Compressed Oops mode: Zero based, Oop shift amount: 3

CDS archive(s) mapped at: [0x0000000000000000-0x0000000000000000-0x0000000000000000), size 0, SharedBaseAddress: 0x0000000800000000, ArchiveRelocationMode: 1.
Narrow klass base: 0x0000000000000000, Narrow klass shift: 0, Narrow klass range: 0x0

GC Precious Log:
 CardTable entry size: 512
 Card Set container configuration: InlinePtr #cards 4 size 8 Array Of Cards #cards 16 size 48 Howl #buckets 8 coarsen threshold 3686 Howl Bitmap #cards 512 size 80 coarsen threshold 460 Card regions per heap region 1 cards per card region 4096

Heap:
 garbage-first heap   total reserved 4118528K, committed 0K, used 0K [0x0000000704a00000, 0x0000000800000000)
  region size 2048K, 0 young (0K), 0 survivors (0K)

[error occurred during error reporting (printing heap information), id 0xc0000005, EXCEPTION_ACCESS_VIOLATION (0xc0000005) at pc=0x00007ffd0c66e429]
GC Heap History (0 events):
No events

Dll operation events (1 events):
Event: 0.005 Loaded shared library C:\Program Files\Java\jdk-22\bin\java.dll

Deoptimization events (0 events):
No events

Classes loaded (0 events):
No events

Classes unloaded (0 events):
No events

Classes redefined (0 events):
No events

Internal exceptions (0 events):
No events

ZGC Phase Switch (0 events):
No events

VM Operations (0 events):
No events

Events (0 events):
No events


Dynamic libraries:
0x00007ff66a0f0000 - 0x00007ff66a100000 	C:\Program Files\Java\jdk-22\bin\java.exe
0x00007ffd60fb0000 - 0x00007ffd611a8000 	C:\Windows\SYSTEM32\ntdll.dll
0x00007ffd5fe50000 - 0x00007ffd5ff11000 	C:\Windows\System32\KERNEL32.DLL
0x00007ffd5ebd0000 - 0x00007ffd5eecd000 	C:\Windows\System32\KERNELBASE.dll
0x00007ffd5ead0000 - 0x00007ffd5ebd0000 	C:\Windows\System32\ucrtbase.dll
0x00007ffd56b30000 - 0x00007ffd56b47000 	C:\Program Files\Java\jdk-22\bin\jli.dll
0x00007ffd57a60000 - 0x00007ffd57a7b000 	C:\Program Files\Java\jdk-22\bin\VCRUNTIME140.dll
0x00007ffd5fc20000 - 0x00007ffd5fcd0000 	C:\Windows\System32\ADVAPI32.dll
0x00007ffd5f680000 - 0x00007ffd5f71e000 	C:\Windows\System32\msvcrt.dll
0x00007ffd60860000 - 0x00007ffd60900000 	C:\Windows\System32\sechost.dll
0x00007ffd5f920000 - 0x00007ffd5fa43000 	C:\Windows\System32\RPCRT4.dll
0x00007ffd5e8d0000 - 0x00007ffd5e8f7000 	C:\Windows\System32\bcrypt.dll
0x00007ffd606c0000 - 0x00007ffd6085d000 	C:\Windows\System32\USER32.dll
0x00007ffd5ef20000 - 0x00007ffd5ef42000 	C:\Windows\System32\win32u.dll
0x00007ffd45af0000 - 0x00007ffd45d8a000 	C:\Windows\WinSxS\amd64_microsoft.windows.common-controls_6595b64144ccf1df_6.0.19041.4355_none_60b8b9eb71f62e16\COMCTL32.dll
0x00007ffd60690000 - 0x00007ffd606bb000 	C:\Windows\System32\GDI32.dll
0x00007ffd5e660000 - 0x00007ffd5e777000 	C:\Windows\System32\gdi32full.dll
0x00007ffd5e780000 - 0x00007ffd5e81d000 	C:\Windows\System32\msvcp_win.dll
0x00007ffd547d0000 - 0x00007ffd547da000 	C:\Windows\SYSTEM32\VERSION.dll
0x00007ffd609b0000 - 0x00007ffd609df000 	C:\Windows\System32\IMM32.DLL
0x00007ffd57cb0000 - 0x00007ffd57cbc000 	C:\Program Files\Java\jdk-22\bin\vcruntime140_1.dll
0x00007ffd2abc0000 - 0x00007ffd2ac4e000 	C:\Program Files\Java\jdk-22\bin\msvcp140.dll
0x00007ffd0bf30000 - 0x00007ffd0cc77000 	C:\Program Files\Java\jdk-22\bin\server\jvm.dll
0x00007ffd5f850000 - 0x00007ffd5f8bb000 	C:\Windows\System32\WS2_32.dll
0x00007ffd5dbf0000 - 0x00007ffd5dc3b000 	C:\Windows\SYSTEM32\POWRPROF.dll
0x00007ffd4e320000 - 0x00007ffd4e347000 	C:\Windows\SYSTEM32\WINMM.dll
0x00007ffd5da60000 - 0x00007ffd5da72000 	C:\Windows\SYSTEM32\UMPDC.dll
0x00007ffd5ceb0000 - 0x00007ffd5cec2000 	C:\Windows\SYSTEM32\kernel.appcore.dll
0x00007ffd56b20000 - 0x00007ffd56b2a000 	C:\Program Files\Java\jdk-22\bin\jimage.dll
0x00007ffd5c400000 - 0x00007ffd5c5e4000 	C:\Windows\SYSTEM32\DBGHELP.DLL
0x00007ffd53c60000 - 0x00007ffd53c94000 	C:\Windows\SYSTEM32\dbgcore.DLL
0x00007ffd5ef50000 - 0x00007ffd5efd2000 	C:\Windows\System32\bcryptPrimitives.dll
0x00007ffd56b00000 - 0x00007ffd56b1e000 	C:\Program Files\Java\jdk-22\bin\java.dll
0x00007ffd5ff20000 - 0x00007ffd6068f000 	C:\Windows\System32\SHELL32.dll
0x00007ffd5f720000 - 0x00007ffd5f84b000 	C:\Windows\System32\ole32.dll
0x00007ffd5f0f0000 - 0x00007ffd5f443000 	C:\Windows\System32\combase.dll

dbghelp: loaded successfully - version: 4.0.5 - missing functions: none
symbol engine: initialized successfully - sym options: 0x614 - pdb path: .;C:\Program Files\Java\jdk-22\bin;C:\Windows\SYSTEM32;C:\Windows\WinSxS\amd64_microsoft.windows.common-controls_6595b64144ccf1df_6.0.19041.4355_none_60b8b9eb71f62e16;C:\Program Files\Java\jdk-22\bin\server

VM Arguments:
jvm_args: -Dclassworlds.conf=D:\SOFT\apache-maven-3.9.8-bin\apache-maven-3.9.8\bin\m2.conf -Dmaven.home=D:\SOFT\apache-maven-3.9.8-bin\apache-maven-3.9.8 -Dlibrary.jansi.path=D:\SOFT\apache-maven-3.9.8-bin\apache-maven-3.9.8\lib\jansi-native -Dmaven.multiModuleProjectDirectory=d:\avbc\Documents\TelRun\map\task 
java_command: org.codehaus.plexus.classworlds.launcher.Launcher --version
java_class_path (initial): D:\SOFT\apache-maven-3.9.8-bin\apache-maven-3.9.8\boot\plexus-classworlds-2.8.0.jar
Launcher Type: SUN_STANDARD

[Global flags]
     intx CICompilerCount                          = 4                                         {product} {ergonomic}
     uint ConcGCThreads                            = 2                                         {product} {ergonomic}
     uint G1ConcRefinementThreads                  = 8                                         {product} {ergonomic}
   size_t G1HeapRegionSize                         = 2097152                                   {product} {ergonomic}
   size_t InitialHeapSize                          = 264241152                                 {product} {ergonomic}
   size_t MarkStackSize                            = 4194304                                   {product} {ergonomic}
   size_t MaxHeapSize                              = 4217372672                                {product} {ergonomic}
   size_t MinHeapDeltaBytes                        = 2097152                                   {product} {ergonomic}
   size_t MinHeapSize                              = 8388608                                   {product} {ergonomic}
    uintx NonNMethodCodeHeapSize                   = 5839372                                {pd product} {ergonomic}
    uintx NonProfiledCodeHeapSize                  = 122909434                              {pd product} {ergonomic}
    uintx ProfiledCodeHeapSize                     = 122909434                              {pd product} {ergonomic}
    uintx ReservedCodeCacheSize                    = 251658240                              {pd product} {ergonomic}
     bool SegmentedCodeCache                       = true                                      {product} {ergonomic}
   size_t SoftMaxHeapSize                          = 4217372672                             {manageable} {ergonomic}
     bool UseCompressedOops                        = true                           {product lp64_product} {ergonomic}
     bool UseG1GC                                  = true                                      {product} {ergonomic}
     bool UseLargePagesIndividualAllocation        = false                                  {pd product} {ergonomic}

Logging:
Log output configuration:
 #0: stdout all=warning uptime,level,tags foldmultilines=false
 #1: stderr all=off uptime,level,tags foldmultilines=false

Environment Variables:
PATH=C:\Program Files\Common Files\Oracle\Java\javapath;C:\Windows\system32;C:\Windows;C:\Windows\System32\Wbem;C:\Windows\System32\WindowsPowerShell\v1.0\;C:\Windows\System32\OpenSSH\;C:\Program Files\WIDCOMM\Bluetooth Software\;C:\Program Files\WIDCOMM\Bluetooth Software\syswow64;C:\Program Files\WireGuard\;%JAVA_HOME%\bin;D:\SOFT\apache-maven-3.9.8-bin\apache-maven-3.9.8\bin;C:\Program Files\Git\bin;C:\Program Files\Microsoft VS Code\bin;C:\Users\1\AppData\Local\Microsoft\WindowsApps
USERNAME=1
OS=Windows_NT
PROCESSOR_IDENTIFIER=Intel64 Family 6 Model 140 Stepping 1, GenuineIntel
TMP=D:\avbc\TMP
TEMP=D:\avbc\TMP




Periodic native trim disabled

---------------  S Y S T E M  ---------------

OS:
 Windows 10 , 64 bit Build 19041 (10.0.19041.4842)
OS uptime: 8 days 21:48 hours

CPU: total 8 (initial active 8) (4 cores per cpu, 2 threads per core) family 6 model 140 stepping 1 microcode 0xae, cx8, cmov, fxsr, ht, mmx, 3dnowpref, sse, sse2, sse3, ssse3, sse4.1, sse4.2, popcnt, lzcnt, tsc, tscinvbit, avx, avx2, aes, erms, clmul, bmi1, bmi2, adx, avx512f, avx512dq, avx512cd, avx512bw, avx512vl, sha, fma, vzeroupper, avx512_vpopcntdq, avx512_vpclmulqdq, avx512_vaes, avx512_vnni, clflush, clflushopt, clwb, avx512_vbmi2, avx512_vbmi, rdtscp, rdpid, fsrm, gfni, avx512_bitalg, f16c, pku, cet_ibt, cet_ss, avx512_ifma
Processor Information for all 8 processors :
  Max Mhz: 2419, Current Mhz: 2419, Mhz Limit: 2419

Memory: 4k page, system-wide physical 16080M (2498M free)
TotalPageFile size 16080M (AvailPageFile size 123M)
current process WorkingSet (physical memory assigned to process): 12M, peak: 12M
current process commit charge ("private bytes"): 60M, peak: 312M

vm_info: Java HotSpot(TM) 64-Bit Server VM (22.0.1+8-16) for windows-amd64 JRE (22.0.1+8-16), built on 2024-03-12T10:33:16Z by "mach5one" with MS VC++ 17.6 (VS2022)

END.
